
SQL*Loader: Release 11.2.0.1.0 - Production on Fri Nov 21 19:22:35 2014

Copyright (c) 1982, 2009, Oracle and/or its affiliates.  All rights reserved.

Control File:   c:\Python27\CSVLOA~3\202344~1\CSVLOA~1\logs\20141121_192234_833000\sqlloader/SCOTT.Persons_pipe_datetime_1_Shard-2.ctl
Data File:      c:\Python27\csvloader_1237\test\v101\data\ora_data_dir\oracle_shard_0.data
  Bad File:     c:\Python27\CSVLOA~3\202344~1\CSVLOA~1\logs\20141121_192234_833000/sqlloader/SCOTT.Persons_pipe_datetime_1_Shard-2.bad
  Discard File: c:\Python27\CSVLOA~3\202344~1\CSVLOA~1\logs\20141121_192234_833000/sqlloader/SCOTT.Persons_pipe_datetime_1_Shard-2.dsc 
 (Allow all discards)

Number to load: ALL
Number to skip: 1023
Errors allowed: 10
Continuation:    none specified
Path used:      Direct - with parallel option.

Load is UNRECOVERABLE; invalidation redo is produced.

Table SCOTT.PERSONS_PIPE_DATETIME_1, loaded from every logical record.
Insert option in effect for this table: APPEND
TRAILING NULLCOLS option in effect

   Column Name                  Position   Len  Term Encl Datatype
------------------------------ ---------- ----- ---- ---- ---------------------
PERSONID                            FIRST     *   |       CHARACTER            
LASTNAME                             NEXT     *   |       CHARACTER            
FIRSTNAME                            NEXT     *   |       CHARACTER            
ADDRESS                              NEXT     *   |       CHARACTER            
CITY                                 NEXT     *   |       CHARACTER            
PERSONID2                            NEXT     *   |       CHARACTER            
LASTNAME2                            NEXT     *   |       CHARACTER            
FIRSTNAME2                           NEXT     *   |       CHARACTER            
ADDRESS2                             NEXT     *   |       CHARACTER            
CREATEDT                             NEXT     *   |       CHARACTER            


Table SCOTT.PERSONS_PIPE_DATETIME_1:
  542 Rows successfully loaded.
  0 Rows not loaded due to data errors.
  0 Rows not loaded because all WHEN clauses were failed.
  0 Rows not loaded because all fields were null.

  Date cache:
   Max Size:      1000
   Entries :        33
   Hits    :       509
   Misses  :         0

Bind array size not used in direct path.
Column array  rows :   10000
Stream buffer bytes:  500000
Read   buffer bytes:  200000

Total logical records skipped:       1023
Total logical records read:           542
Total logical records rejected:         0
Total logical records discarded:        0
Total stream buffers loaded by SQL*Loader main thread:        1
Total stream buffers loaded by SQL*Loader load thread:        0

Run began on Fri Nov 21 19:22:35 2014
Run ended on Fri Nov 21 19:22:35 2014

Elapsed time was:     00:00:00.48
CPU time was:         00:00:00.00
